#
# There is insufficient memory for the Java Runtime Environment to continue.
# Native memory allocation (mmap) failed to map 1073741824 bytes for committing reserved memory.
# Possible reasons:
#   The system is out of physical RAM or swap space
#   The process is running with CompressedOops enabled, and the Java Heap may be blocking the growth of the native heap
# Possible solutions:
#   Reduce memory load on the system
#   Increase physical memory or swap space
#   Check if swap backing store is full
#   Decrease Java heap size (-Xmx/-Xms)
#   Decrease number of Java threads
#   Decrease Java thread stack sizes (-Xss)
#   Set larger code cache with -XX:ReservedCodeCacheSize=
# This output file may be truncated or incomplete.
#
#  Out of Memory Error (os_linux.cpp:2843), pid=150, tid=151
#
# JRE version:  (11.0.6+10) (build )
# Java VM: OpenJDK 64-Bit Server VM (11.0.6+10, mixed mode, sharing, tiered, compressed oops, g1 gc, linux-amd64)
# Core dump will be written. Default location: Core dumps may be processed with "/usr/share/apport/apport %p %s %c %d %P" (or dumping to /myapp/my-first-app/core.150)
#

---------------  S U M M A R Y ------------

Command Line: -Dfile.encoding=UTF-8 -Xms1024m -Xmx1024m -Xss4M -XX:ReservedCodeCacheSize=128m /usr/share/sbt/bin/java9-rt-export.jar /rt.jar

Host: Intel(R) Core(TM) i5-6200U CPU @ 2.30GHz, 2 cores, 3G, Debian GNU/Linux 10 (buster)
Time: Sat Apr  4 19:17:08 2020 JST elapsed time: 0 seconds (0d 0h 0m 0s)

---------------  T H R E A D  ---------------

Current thread (0x00007f8498013800):  JavaThread "Unknown thread" [_thread_in_vm, id=151, stack(0x00007f849c671000,0x00007f849ca72000)]

Stack: [0x00007f849c671000,0x00007f849ca72000],  sp=0x00007f849ca70080,  free space=4092k
Native frames: (J=compiled Java code, A=aot compiled Java code, j=interpreted, Vv=VM code, C=native code)
V  [libjvm.so+0xdc24a6]  VMError::report_and_die(int, char const*, char const*, __va_list_tag*, Thread*, unsigned char*, void*, void*, char const*, int, unsigned long)+0x206
V  [libjvm.so+0xdc3665]  VMError::report_and_die(Thread*, char const*, int, unsigned long, VMErrorType, char const*, __va_list_tag*)+0x45
V  [libjvm.so+0x667bda]  report_vm_out_of_memory(char const*, int, unsigned long, VMErrorType, char const*, ...)+0xea
V  [libjvm.so+0xbc0ab5]  os::Linux::commit_memory_impl(char*, unsigned long, bool)+0x115
V  [libjvm.so+0xbc0c14]  os::pd_commit_memory_or_exit(char*, unsigned long, unsigned long, bool, char const*)+0x34
V  [libjvm.so+0xbb41d6]  os::commit_memory_or_exit(char*, unsigned long, unsigned long, bool, char const*)+0x26
V  [libjvm.so+0x7851ba]  G1PageBasedVirtualSpace::commit_preferred_pages(unsigned long, unsigned long)+0x7a
V  [libjvm.so+0x7857cd]  G1PageBasedVirtualSpace::commit_internal(unsigned long, unsigned long)+0x9d
V  [libjvm.so+0x785a14]  G1PageBasedVirtualSpace::commit(unsigned long, unsigned long)+0xd4
V  [libjvm.so+0x78f3d1]  G1RegionsLargerThanCommitSizeMapper::commit_regions(unsigned int, unsigned long, WorkGang*)+0x51
V  [libjvm.so+0x8085f9]  HeapRegionManager::commit_regions(unsigned int, unsigned long, WorkGang*)+0x89
V  [libjvm.so+0x8090ff]  HeapRegionManager::make_regions_available(unsigned int, unsigned int, WorkGang*)+0x2f
V  [libjvm.so+0x809748]  HeapRegionManager::expand_by(unsigned int, WorkGang*)+0x88
V  [libjvm.so+0x73748e]  G1CollectedHeap::expand(unsigned long, WorkGang*, double*)+0xce
V  [libjvm.so+0x73e7ce]  G1CollectedHeap::initialize()+0xa0e
V  [libjvm.so+0xd896dc]  Universe::initialize_heap()+0x4c
V  [libjvm.so+0xd899b4]  universe_init()+0x54
V  [libjvm.so+0x8240ca]  init_globals()+0x5a
V  [libjvm.so+0xd647cf]  Threads::create_vm(JavaVMInitArgs*, bool*)+0x2ff
V  [libjvm.so+0x8cb4bc]  JNI_CreateJavaVM+0x7c
C  [libjli.so+0x49c4]  JavaMain+0x84


---------------  P R O C E S S  ---------------

Threads class SMR info:
_java_thread_list=0x00000000017cb7d0, length=0, elements={
}

Java Threads: ( => current thread )

Other Threads:
  0x00007f849802b000 GCTaskThread "GC Thread#0" [stack: 0x00007f8487504000,0x00007f8487604000] [id=152]
  0x00007f8498046800 ConcurrentGCThread "G1 Main Marker" [stack: 0x00007f8484bdd000,0x00007f8484cdd000] [id=153]
  0x00007f8498048800 ConcurrentGCThread "G1 Conc#0" [stack: 0x00007f8484adb000,0x00007f8484bdb000] [id=154]

[error occurred during error reporting (printing all threads), id 0xb, SIGSEGV (0xb) at pc=0x00007f849d4ef0b3]

VM state:not at safepoint (not fully initialized)

VM Mutex/Monitor currently owned by a thread:  ([mutex/lock_event])
[0x00007f84980111e0] Heap_lock - owner thread: 0x00007f8498013800

Heap address: 0x00000000c0000000, size: 1024 MB, Compressed Oops mode: Non-zero based: 0x00000000c0000000
Narrow klass base: 0x0000000000000000, Narrow klass shift: 0

GC Heap History (0 events):
No events

Deoptimization events (0 events):
No events

Classes redefined (0 events):
No events

Internal exceptions (0 events):
No events

Events (3 events):
Event: 0.002 Protecting memory [0x00007f849c671000,0x00007f849c675000] with protection modes 0
Event: 0.002 Loaded shared library /usr/local/openjdk-11/lib/libzip.so
Event: 0.002 Loaded shared library /usr/local/openjdk-11/lib/libjimage.so


Dynamic libraries:
00400000-00401000 r-xp 00000000 08:01 1628030                            /usr/local/openjdk-11/bin/java
00601000-00602000 rw-p 00001000 08:01 1628030                            /usr/local/openjdk-11/bin/java
017c8000-017e9000 rw-p 00000000 00:00 0                                  [heap]
7f8476000000-7f8478000000 rw-p 00000000 00:00 0 
7f8478000000-7f8478021000 rw-p 00000000 00:00 0 
7f8478021000-7f847c000000 ---p 00000000 00:00 0 
7f847c000000-7f847c021000 rw-p 00000000 00:00 0 
7f847c021000-7f8480000000 ---p 00000000 00:00 0 
7f8480000000-7f8480021000 rw-p 00000000 00:00 0 
7f8480021000-7f8484000000 ---p 00000000 00:00 0 
7f848451e000-7f8484ad9000 rw-p 00000000 00:00 0 
7f8484ad9000-7f8484ada000 ---p 00000000 00:00 0 
7f8484ada000-7f8484bdb000 rw-p 00000000 00:00 0 
7f8484bdb000-7f8484bdc000 ---p 00000000 00:00 0 
7f8484bdc000-7f8484d00000 rw-p 00000000 00:00 0 
7f8484d00000-7f8487300000 ---p 00000000 00:00 0 
7f8487300000-7f8487502000 rw-p 00000000 00:00 0 
7f8487502000-7f8487503000 ---p 00000000 00:00 0 
7f8487503000-7f8487609000 rw-p 00000000 00:00 0 
7f8487609000-7f8487704000 ---p 00000000 00:00 0 
7f8487704000-7f8487974000 rwxp 00000000 00:00 0 
7f8487974000-7f848f704000 ---p 00000000 00:00 0 
7f848f704000-7f8497df4000 r--s 00000000 08:01 1628538                    /usr/local/openjdk-11/lib/modules
7f8497df4000-7f8497dff000 r-xp 00000000 08:01 1628519                    /usr/local/openjdk-11/lib/libjimage.so
7f8497dff000-7f8497fff000 ---p 0000b000 08:01 1628519                    /usr/local/openjdk-11/lib/libjimage.so
7f8497fff000-7f8498000000 rw-p 0000b000 08:01 1628519                    /usr/local/openjdk-11/lib/libjimage.so
7f8498000000-7f849805e000 rw-p 00000000 00:00 0 
7f849805e000-7f849c000000 ---p 00000000 00:00 0 
7f849c004000-7f849c00b000 r-xp 00000000 08:01 1628537                    /usr/local/openjdk-11/lib/libzip.so
7f849c00b000-7f849c20b000 ---p 00007000 08:01 1628537                    /usr/local/openjdk-11/lib/libzip.so
7f849c20b000-7f849c20c000 rw-p 00007000 08:01 1628537                    /usr/local/openjdk-11/lib/libzip.so
7f849c20c000-7f849c214000 rw-s 00000000 08:01 1470869                    /tmp/hsperfdata_root/150
7f849c214000-7f849c217000 r--p 00000000 08:01 1615919                    /lib/x86_64-linux-gnu/libnss_files-2.28.so
7f849c217000-7f849c21e000 r-xp 00003000 08:01 1615919                    /lib/x86_64-linux-gnu/libnss_files-2.28.so
7f849c21e000-7f849c220000 r--p 0000a000 08:01 1615919                    /lib/x86_64-linux-gnu/libnss_files-2.28.so
7f849c220000-7f849c221000 ---p 0000c000 08:01 1615919                    /lib/x86_64-linux-gnu/libnss_files-2.28.so
7f849c221000-7f849c222000 r--p 0000c000 08:01 1615919                    /lib/x86_64-linux-gnu/libnss_files-2.28.so
7f849c222000-7f849c223000 rw-p 0000d000 08:01 1615919                    /lib/x86_64-linux-gnu/libnss_files-2.28.so
7f849c223000-7f849c229000 rw-p 00000000 00:00 0 
7f849c22d000-7f849c256000 r-xp 00000000 08:01 1628515                    /usr/local/openjdk-11/lib/libjava.so
7f849c256000-7f849c456000 ---p 00029000 08:01 1628515                    /usr/local/openjdk-11/lib/libjava.so
7f849c456000-7f849c458000 rw-p 00029000 08:01 1628515                    /usr/local/openjdk-11/lib/libjava.so
7f849c458000-7f849c466000 r-xp 00000000 08:01 1628536                    /usr/local/openjdk-11/lib/libverify.so
7f849c466000-7f849c665000 ---p 0000e000 08:01 1628536                    /usr/local/openjdk-11/lib/libverify.so
7f849c665000-7f849c667000 rw-p 0000d000 08:01 1628536                    /usr/local/openjdk-11/lib/libverify.so
7f849c667000-7f849c669000 r--p 00000000 08:01 1615940                    /lib/x86_64-linux-gnu/librt-2.28.so
7f849c669000-7f849c66d000 r-xp 00002000 08:01 1615940                    /lib/x86_64-linux-gnu/librt-2.28.so
7f849c66d000-7f849c66f000 r--p 00006000 08:01 1615940                    /lib/x86_64-linux-gnu/librt-2.28.so
7f849c66f000-7f849c670000 r--p 00007000 08:01 1615940                    /lib/x86_64-linux-gnu/librt-2.28.so
7f849c670000-7f849c671000 rw-p 00008000 08:01 1615940                    /lib/x86_64-linux-gnu/librt-2.28.so
7f849c671000-7f849c675000 ---p 00000000 00:00 0 
7f849c675000-7f849ca72000 rw-p 00000000 00:00 0 
7f849ca72000-7f849ca75000 r--p 00000000 08:01 1615895                    /lib/x86_64-linux-gnu/libgcc_s.so.1
7f849ca75000-7f849ca86000 r-xp 00003000 08:01 1615895                    /lib/x86_64-linux-gnu/libgcc_s.so.1
7f849ca86000-7f849ca89000 r--p 00014000 08:01 1615895                    /lib/x86_64-linux-gnu/libgcc_s.so.1
7f849ca89000-7f849ca8a000 ---p 00017000 08:01 1615895                    /lib/x86_64-linux-gnu/libgcc_s.so.1
7f849ca8a000-7f849ca8b000 r--p 00017000 08:01 1615895                    /lib/x86_64-linux-gnu/libgcc_s.so.1
7f849ca8b000-7f849ca8c000 rw-p 00018000 08:01 1615895                    /lib/x86_64-linux-gnu/libgcc_s.so.1
7f849ca8c000-7f849ca99000 r--p 00000000 08:01 1615902                    /lib/x86_64-linux-gnu/libm-2.28.so
7f849ca99000-7f849cb38000 r-xp 0000d000 08:01 1615902                    /lib/x86_64-linux-gnu/libm-2.28.so
7f849cb38000-7f849cc0d000 r--p 000ac000 08:01 1615902                    /lib/x86_64-linux-gnu/libm-2.28.so
7f849cc0d000-7f849cc0e000 r--p 00180000 08:01 1615902                    /lib/x86_64-linux-gnu/libm-2.28.so
7f849cc0e000-7f849cc0f000 rw-p 00181000 08:01 1615902                    /lib/x86_64-linux-gnu/libm-2.28.so
7f849cc0f000-7f849cc98000 r--p 00000000 08:01 1616639                    /usr/lib/x86_64-linux-gnu/libstdc++.so.6.0.25
7f849cc98000-7f849cd44000 r-xp 00089000 08:01 1616639                    /usr/lib/x86_64-linux-gnu/libstdc++.so.6.0.25
7f849cd44000-7f849cd82000 r--p 00135000 08:01 1616639                    /usr/lib/x86_64-linux-gnu/libstdc++.so.6.0.25
7f849cd82000-7f849cd83000 ---p 00173000 08:01 1616639                    /usr/lib/x86_64-linux-gnu/libstdc++.so.6.0.25
7f849cd83000-7f849cd8d000 r--p 00173000 08:01 1616639                    /usr/lib/x86_64-linux-gnu/libstdc++.so.6.0.25
7f849cd8d000-7f849cd8f000 rw-p 0017d000 08:01 1616639                    /usr/lib/x86_64-linux-gnu/libstdc++.so.6.0.25
7f849cd8f000-7f849cd93000 rw-p 00000000 00:00 0 
7f849cd93000-7f849de6d000 r-xp 00000000 08:01 577529                     /usr/local/openjdk-11/lib/server/libjvm.so
7f849de6d000-7f849e06c000 ---p 010da000 08:01 577529                     /usr/local/openjdk-11/lib/server/libjvm.so
7f849e06c000-7f849e144000 r--p 010d9000 08:01 577529                     /usr/local/openjdk-11/lib/server/libjvm.so
7f849e144000-7f849e17d000 rw-p 011b1000 08:01 577529                     /usr/local/openjdk-11/lib/server/libjvm.so
7f849e17d000-7f849e1d6000 rw-p 00000000 00:00 0 
7f849e1d6000-7f849e1f8000 r--p 00000000 08:01 1615877                    /lib/x86_64-linux-gnu/libc-2.28.so
7f849e1f8000-7f849e340000 r-xp 00022000 08:01 1615877                    /lib/x86_64-linux-gnu/libc-2.28.so
7f849e340000-7f849e38c000 r--p 0016a000 08:01 1615877                    /lib/x86_64-linux-gnu/libc-2.28.so
7f849e38c000-7f849e38d000 ---p 001b6000 08:01 1615877                    /lib/x86_64-linux-gnu/libc-2.28.so
7f849e38d000-7f849e391000 r--p 001b6000 08:01 1615877                    /lib/x86_64-linux-gnu/libc-2.28.so
7f849e391000-7f849e393000 rw-p 001ba000 08:01 1615877                    /lib/x86_64-linux-gnu/libc-2.28.so
7f849e393000-7f849e397000 rw-p 00000000 00:00 0 
7f849e397000-7f849e398000 r--p 00000000 08:01 1615887                    /lib/x86_64-linux-gnu/libdl-2.28.so
7f849e398000-7f849e399000 r-xp 00001000 08:01 1615887                    /lib/x86_64-linux-gnu/libdl-2.28.so
7f849e399000-7f849e39a000 r--p 00002000 08:01 1615887                    /lib/x86_64-linux-gnu/libdl-2.28.so
7f849e39a000-7f849e39b000 r--p 00002000 08:01 1615887                    /lib/x86_64-linux-gnu/libdl-2.28.so
7f849e39b000-7f849e39c000 rw-p 00003000 08:01 1615887                    /lib/x86_64-linux-gnu/libdl-2.28.so
7f849e39c000-7f849e3ab000 r-xp 00000000 08:01 1628499                    /usr/local/openjdk-11/lib/jli/libjli.so
7f849e3ab000-7f849e5aa000 ---p 0000f000 08:01 1628499                    /usr/local/openjdk-11/lib/jli/libjli.so
7f849e5aa000-7f849e5ab000 rw-p 0000e000 08:01 1628499                    /usr/local/openjdk-11/lib/jli/libjli.so
7f849e5ab000-7f849e5b1000 r--p 00000000 08:01 1615936                    /lib/x86_64-linux-gnu/libpthread-2.28.so
7f849e5b1000-7f849e5c0000 r-xp 00006000 08:01 1615936                    /lib/x86_64-linux-gnu/libpthread-2.28.so
7f849e5c0000-7f849e5c6000 r--p 00015000 08:01 1615936                    /lib/x86_64-linux-gnu/libpthread-2.28.so
7f849e5c6000-7f849e5c7000 r--p 0001a000 08:01 1615936                    /lib/x86_64-linux-gnu/libpthread-2.28.so
7f849e5c7000-7f849e5c8000 rw-p 0001b000 08:01 1615936                    /lib/x86_64-linux-gnu/libpthread-2.28.so
7f849e5c8000-7f849e5cc000 rw-p 00000000 00:00 0 
7f849e5cc000-7f849e5e8000 r-xp 00000000 08:01 1615961                    /lib/x86_64-linux-gnu/libz.so.1.2.11
7f849e5e8000-7f849e7e8000 ---p 0001c000 08:01 1615961                    /lib/x86_64-linux-gnu/libz.so.1.2.11
7f849e7e8000-7f849e7e9000 r--p 0001c000 08:01 1615961                    /lib/x86_64-linux-gnu/libz.so.1.2.11
7f849e7e9000-7f849e7ea000 rw-p 0001d000 08:01 1615961                    /lib/x86_64-linux-gnu/libz.so.1.2.11
7f849e7ea000-7f849e7ec000 rw-p 00000000 00:00 0 
7f849e7ee000-7f849e7ef000 ---p 00000000 00:00 0 
7f849e7ef000-7f849e7f0000 r--p 00000000 00:00 0 
7f849e7f0000-7f849e7f1000 r--p 00000000 08:01 1615863                    /lib/x86_64-linux-gnu/ld-2.28.so
7f849e7f1000-7f849e80f000 r-xp 00001000 08:01 1615863                    /lib/x86_64-linux-gnu/ld-2.28.so
7f849e80f000-7f849e817000 r--p 0001f000 08:01 1615863                    /lib/x86_64-linux-gnu/ld-2.28.so
7f849e817000-7f849e818000 r--p 00026000 08:01 1615863                    /lib/x86_64-linux-gnu/ld-2.28.so
7f849e818000-7f849e819000 rw-p 00027000 08:01 1615863                    /lib/x86_64-linux-gnu/ld-2.28.so
7f849e819000-7f849e81a000 rw-p 00000000 00:00 0 
7ffd812e1000-7ffd81302000 rw-p 00000000 00:00 0                          [stack]
7ffd81327000-7ffd8132a000 r--p 00000000 00:00 0                          [vvar]
7ffd8132a000-7ffd8132c000 r-xp 00000000 00:00 0                          [vdso]
ffffffffff600000-ffffffffff601000 r-xp 00000000 00:00 0                  [vsyscall]


VM Arguments:
jvm_args: -Dfile.encoding=UTF-8 -Xms1024m -Xmx1024m -Xss4M -XX:ReservedCodeCacheSize=128m 
java_command: /usr/share/sbt/bin/java9-rt-export.jar /rt.jar
java_class_path (initial): /usr/share/sbt/bin/java9-rt-export.jar
Launcher Type: SUN_STANDARD

[Global flags]
     intx CICompilerCount                          = 2                                         {product} {ergonomic}
     uint ConcGCThreads                            = 1                                         {product} {ergonomic}
     uint G1ConcRefinementThreads                  = 2                                         {product} {ergonomic}
   size_t G1HeapRegionSize                         = 1048576                                   {product} {ergonomic}
    uintx GCDrainStackTargetSize                   = 64                                        {product} {ergonomic}
   size_t InitialHeapSize                          = 1073741824                                {product} {command line}
   size_t MarkStackSize                            = 4194304                                   {product} {ergonomic}
   size_t MaxHeapSize                              = 1073741824                                {product} {command line}
   size_t MinHeapDeltaBytes                        = 1048576                                   {product} {ergonomic}
    uintx NonProfiledCodeHeapSize                  = 0                                      {pd product} {ergonomic}
    uintx ProfiledCodeHeapSize                     = 0                                      {pd product} {ergonomic}
    uintx ReservedCodeCacheSize                    = 134217728                              {pd product} {command line}
     intx ThreadStackSize                          = 4096                                   {pd product} {command line}
     bool UseCompressedClassPointers               = true                                 {lp64_product} {ergonomic}
     bool UseCompressedOops                        = true                                 {lp64_product} {ergonomic}
     bool UseG1GC                                  = true                                      {product} {ergonomic}

Logging:
Log output configuration:
 #0: stdout all=warning uptime,level,tags
 #1: stderr all=off uptime,level,tags

Environment Variables:
JAVA_HOME=/usr/local/openjdk-11
PATH=/usr/local/openjdk-11/bin:/usr/local/sbin:/usr/local/bin:/usr/sbin:/usr/bin:/sbin:/bin

Signal Handlers:
SIGSEGV: [libjvm.so+0xdc3bb0], sa_mask[0]=11111111011111111101111111111110, sa_flags=SA_RESTART|SA_SIGINFO
SIGBUS: [libjvm.so+0xdc3bb0], sa_mask[0]=11111111011111111101111111111110, sa_flags=SA_RESTART|SA_SIGINFO
SIGFPE: [libjvm.so+0xdc3bb0], sa_mask[0]=11111111011111111101111111111110, sa_flags=SA_RESTART|SA_SIGINFO
SIGPIPE: [libjvm.so+0xbb9260], sa_mask[0]=11111111011111111101111111111110, sa_flags=SA_RESTART|SA_SIGINFO
SIGXFSZ: [libjvm.so+0xbb9260], sa_mask[0]=11111111011111111101111111111110, sa_flags=SA_RESTART|SA_SIGINFO
SIGILL: [libjvm.so+0xdc3bb0], sa_mask[0]=11111111011111111101111111111110, sa_flags=SA_RESTART|SA_SIGINFO
SIGUSR2: [libjvm.so+0xbb9010], sa_mask[0]=00000000000000000000000000000000, sa_flags=SA_RESTART|SA_SIGINFO
SIGHUP: SIG_DFL, sa_mask[0]=00000000000000000000000000000000, sa_flags=none
SIGINT: SIG_DFL, sa_mask[0]=00000000000000000000000000000000, sa_flags=none
SIGTERM: SIG_DFL, sa_mask[0]=00000000000000000000000000000000, sa_flags=none
SIGQUIT: SIG_DFL, sa_mask[0]=00000000000000000000000000000000, sa_flags=none


---------------  S Y S T E M  ---------------

OS:PRETTY_NAME="Debian GNU/Linux 10 (buster)"
NAME="Debian GNU/Linux"
VERSION_ID="10"
VERSION="10 (buster)"
VERSION_CODENAME=buster
ID=debian
HOME_URL="https://www.debian.org/"
SUPPORT_URL="https://www.debian.org/support"
BUG_REPORT_URL="https://bugs.debian.org/"
uname:Linux 4.15.0-20-generic #21-Ubuntu SMP Tue Apr 24 06:16:15 UTC 2018 x86_64
libc:glibc 2.28 NPTL 2.28 
rlimit: STACK 8192k, CORE infinity, NPROC infinity, NOFILE 1048576, AS infinity, DATA infinity, FSIZE infinity
load average:1.64 1.89 2.47

/proc/meminfo:
MemTotal:        4039548 kB
MemFree:          126432 kB
MemAvailable:     422992 kB
Buffers:           28488 kB
Cached:          1276920 kB
SwapCached:        22536 kB
Active:          2791020 kB
Inactive:         900980 kB
Active(anon):    2522604 kB
Inactive(anon):   693312 kB
Active(file):     268416 kB
Inactive(file):   207668 kB
Unevictable:       13612 kB
Mlocked:           13612 kB
SwapTotal:       1942896 kB
SwapFree:          35184 kB
Dirty:               324 kB
Writeback:             0 kB
AnonPages:       2380788 kB
Mapped:           564228 kB
Shmem:            815708 kB
Slab:             104616 kB
SReclaimable:      47084 kB
SUnreclaim:        57532 kB
KernelStack:       11356 kB
PageTables:        54544 kB
NFS_Unstable:          0 kB
Bounce:                0 kB
WritebackTmp:          0 kB
CommitLimit:     3962668 kB
Committed_AS:    9810804 kB
VmallocTotal:   34359738367 kB
VmallocUsed:           0 kB
VmallocChunk:          0 kB
HardwareCorrupted:     0 kB
AnonHugePages:      2048 kB
ShmemHugePages:        0 kB
ShmemPmdMapped:        0 kB
CmaTotal:              0 kB
CmaFree:               0 kB
HugePages_Total:       0
HugePages_Free:        0
HugePages_Rsvd:        0
HugePages_Surp:        0
Hugepagesize:       2048 kB
DirectMap4k:      200640 kB
DirectMap2M:     3993600 kB


/proc/sys/kernel/threads-max (system-wide limit on the number of threads):
31067


/proc/sys/vm/max_map_count (maximum number of memory map areas a process may have):
65530


/proc/sys/kernel/pid_max (system-wide limit on number of process identifiers):
32768



container (cgroup) information:
container_type: cgroupv1
cpu_cpuset_cpus: 0-1
cpu_memory_nodes: 0
active_processor_count: 2
cpu_quota: -1
cpu_period: 100000
cpu_shares: -1
memory_limit_in_bytes: -1
memory_and_swap_limit_in_bytes: -2
memory_soft_limit_in_bytes: -1
memory_usage_in_bytes: 43921408
memory_max_usage_in_bytes: 48984064

KVM virtualization detected
Steal ticks since vm start: 0
Steal ticks percentage since vm start:  0.000

CPU:total 2 (initial active 2) (2 cores per cpu, 1 threads per core) family 6 model 78 stepping 3, cmov, cx8, fxsr, mmx, sse, sse2, sse3, ssse3, sse4.1, sse4.2, popcnt, avx, avx2, aes, clmul, 3dnowpref, lzcnt, tsc, tscinvbit
CPU Model and flags from /proc/cpuinfo:
model name	: Intel(R) Core(TM) i5-6200U CPU @ 2.30GHz
flags		: fpu vme de pse tsc msr pae mce cx8 apic sep mtrr pge mca cmov pat pse36 clflush mmx fxsr sse sse2 ht syscall nx rdtscp lm constant_tsc rep_good nopl xtopology nonstop_tsc cpuid pni pclmulqdq ssse3 cx16 pcid sse4_1 sse4_2 x2apic movbe popcnt aes xsave avx rdrand hypervisor lahf_lm abm 3dnowprefetch invpcid_single pti fsgsbase avx2 invpcid rdseed clflushopt

Memory: 4k page, physical 4039548k(126432k free), swap 1942896k(35184k free)

vm_info: OpenJDK 64-Bit Server VM (11.0.6+10) for linux-amd64 JRE (11.0.6+10), built on Jan  8 2020 04:40:06 by "openjdk" with gcc 4.4.7 20120313 (Red Hat 4.4.7-23)

END.
