#
# There is insufficient memory for the Java Runtime Environment to continue.
# Native memory allocation (mmap) failed to map 1073741824 bytes for committing reserved memory.
# Possible reasons:
#   The system is out of physical RAM or swap space
#   The process is running with CompressedOops enabled, and the Java Heap may be blocking the growth of the native heap
# Possible solutions:
#   Reduce memory load on the system
#   Increase physical memory or swap space
#   Check if swap backing store is full
#   Decrease Java heap size (-Xmx/-Xms)
#   Decrease number of Java threads
#   Decrease Java thread stack sizes (-Xss)
#   Set larger code cache with -XX:ReservedCodeCacheSize=
# This output file may be truncated or incomplete.
#
#  Out of Memory Error (os_linux.cpp:2843), pid=13, tid=82
#
# JRE version:  (11.0.6+10) (build )
# Java VM: OpenJDK 64-Bit Server VM (11.0.6+10, mixed mode, sharing, tiered, compressed oops, g1 gc, linux-amd64)
# Core dump will be written. Default location: Core dumps may be processed with "/usr/share/apport/apport %p %s %c %d %P" (or dumping to /myapp/my-first-app/core.13)
#

---------------  S U M M A R Y ------------

Command Line: -Dfile.encoding=UTF-8 -Xms1024m -Xmx1024m -Xss4M -XX:ReservedCodeCacheSize=128m -Dscala.ext.dirs= /usr/share/sbt/bin/sbt-launch.jar run

Host: Intel(R) Core(TM) i5-6200U CPU @ 2.30GHz, 2 cores, 3G, Debian GNU/Linux 10 (buster)
Time: Sat Apr  4 19:16:38 2020 JST elapsed time: 0 seconds (0d 0h 0m 0s)

---------------  T H R E A D  ---------------

Current thread (0x00007fdeec013800):  JavaThread "Unknown thread" [_thread_in_vm, id=82, stack(0x00007fdef0d4f000,0x00007fdef1150000)]

Stack: [0x00007fdef0d4f000,0x00007fdef1150000],  sp=0x00007fdef114e080,  free space=4092k
Native frames: (J=compiled Java code, A=aot compiled Java code, j=interpreted, Vv=VM code, C=native code)
V  [libjvm.so+0xdc24a6]  VMError::report_and_die(int, char const*, char const*, __va_list_tag*, Thread*, unsigned char*, void*, void*, char const*, int, unsigned long)+0x206
V  [libjvm.so+0xdc3665]  VMError::report_and_die(Thread*, char const*, int, unsigned long, VMErrorType, char const*, __va_list_tag*)+0x45
V  [libjvm.so+0x667bda]  report_vm_out_of_memory(char const*, int, unsigned long, VMErrorType, char const*, ...)+0xea
V  [libjvm.so+0xbc0ab5]  os::Linux::commit_memory_impl(char*, unsigned long, bool)+0x115
V  [libjvm.so+0xbc0c14]  os::pd_commit_memory_or_exit(char*, unsigned long, unsigned long, bool, char const*)+0x34
V  [libjvm.so+0xbb41d6]  os::commit_memory_or_exit(char*, unsigned long, unsigned long, bool, char const*)+0x26
V  [libjvm.so+0x7851ba]  G1PageBasedVirtualSpace::commit_preferred_pages(unsigned long, unsigned long)+0x7a
V  [libjvm.so+0x7857cd]  G1PageBasedVirtualSpace::commit_internal(unsigned long, unsigned long)+0x9d
V  [libjvm.so+0x785a14]  G1PageBasedVirtualSpace::commit(unsigned long, unsigned long)+0xd4
V  [libjvm.so+0x78f3d1]  G1RegionsLargerThanCommitSizeMapper::commit_regions(unsigned int, unsigned long, WorkGang*)+0x51
V  [libjvm.so+0x8085f9]  HeapRegionManager::commit_regions(unsigned int, unsigned long, WorkGang*)+0x89
V  [libjvm.so+0x8090ff]  HeapRegionManager::make_regions_available(unsigned int, unsigned int, WorkGang*)+0x2f
V  [libjvm.so+0x809748]  HeapRegionManager::expand_by(unsigned int, WorkGang*)+0x88
V  [libjvm.so+0x73748e]  G1CollectedHeap::expand(unsigned long, WorkGang*, double*)+0xce
V  [libjvm.so+0x73e7ce]  G1CollectedHeap::initialize()+0xa0e
V  [libjvm.so+0xd896dc]  Universe::initialize_heap()+0x4c
V  [libjvm.so+0xd899b4]  universe_init()+0x54
V  [libjvm.so+0x8240ca]  init_globals()+0x5a
V  [libjvm.so+0xd647cf]  Threads::create_vm(JavaVMInitArgs*, bool*)+0x2ff
V  [libjvm.so+0x8cb4bc]  JNI_CreateJavaVM+0x7c
C  [libjli.so+0x49c4]  JavaMain+0x84


---------------  P R O C E S S  ---------------

Threads class SMR info:
_java_thread_list=0x00000000011425e0, length=0, elements={
}

Java Threads: ( => current thread )

Other Threads:
  0x00007fdeec02b000 GCTaskThread "GC Thread#0" [stack: 0x00007fdef02d6000,0x00007fdef03d6000] [id=83]
  0x00007fdeec046800 ConcurrentGCThread "G1 Main Marker" [stack: 0x00007fded9210000,0x00007fded9310000] [id=84]
  0x00007fdeec048800 ConcurrentGCThread "G1 Conc#0" [stack: 0x00007fded910e000,0x00007fded920e000] [id=85]

[error occurred during error reporting (printing all threads), id 0xb, SIGSEGV (0xb) at pc=0x00007fdef1bcd0b3]

VM state:not at safepoint (not fully initialized)

VM Mutex/Monitor currently owned by a thread:  ([mutex/lock_event])
[0x00007fdeec011260] Heap_lock - owner thread: 0x00007fdeec013800

Heap address: 0x00000000c0000000, size: 1024 MB, Compressed Oops mode: Non-zero based: 0x00000000c0000000
Narrow klass base: 0x0000000000000000, Narrow klass shift: 0

GC Heap History (0 events):
No events

Deoptimization events (0 events):
No events

Classes redefined (0 events):
No events

Internal exceptions (0 events):
No events

Events (3 events):
Event: 0.001 Protecting memory [0x00007fdef0d4f000,0x00007fdef0d53000] with protection modes 0
Event: 0.002 Loaded shared library /usr/local/openjdk-11/lib/libzip.so
Event: 0.002 Loaded shared library /usr/local/openjdk-11/lib/libjimage.so


Dynamic libraries:
00400000-00401000 r-xp 00000000 08:01 1628030                            /usr/local/openjdk-11/bin/java
00601000-00602000 rw-p 00001000 08:01 1628030                            /usr/local/openjdk-11/bin/java
0113f000-01160000 rw-p 00000000 00:00 0                                  [heap]
7fdeca000000-7fdecc000000 rw-p 00000000 00:00 0 
7fdecc000000-7fdecc021000 rw-p 00000000 00:00 0 
7fdecc021000-7fded0000000 ---p 00000000 00:00 0 
7fded0000000-7fded0021000 rw-p 00000000 00:00 0 
7fded0021000-7fded4000000 ---p 00000000 00:00 0 
7fded4000000-7fded4021000 rw-p 00000000 00:00 0 
7fded4021000-7fded8000000 ---p 00000000 00:00 0 
7fded8b51000-7fded910c000 rw-p 00000000 00:00 0 
7fded910c000-7fded910d000 ---p 00000000 00:00 0 
7fded910d000-7fded920e000 rw-p 00000000 00:00 0 
7fded920e000-7fded920f000 ---p 00000000 00:00 0 
7fded920f000-7fded9310000 rw-p 00000000 00:00 0 
7fded9310000-7fdedb910000 ---p 00000000 00:00 0 
7fdedb910000-7fdedbb80000 rwxp 00000000 00:00 0 
7fdedbb80000-7fdee3910000 ---p 00000000 00:00 0 
7fdee3910000-7fdeec000000 r--s 00000000 08:01 1628538                    /usr/local/openjdk-11/lib/modules
7fdeec000000-7fdeec05e000 rw-p 00000000 00:00 0 
7fdeec05e000-7fdef0000000 ---p 00000000 00:00 0 
7fdef00af000-7fdef02d4000 rw-p 00000000 00:00 0 
7fdef02d4000-7fdef02d5000 ---p 00000000 00:00 0 
7fdef02d5000-7fdef03db000 rw-p 00000000 00:00 0 
7fdef03db000-7fdef04d6000 ---p 00000000 00:00 0 
7fdef04d6000-7fdef04e1000 r-xp 00000000 08:01 1628519                    /usr/local/openjdk-11/lib/libjimage.so
7fdef04e1000-7fdef06e1000 ---p 0000b000 08:01 1628519                    /usr/local/openjdk-11/lib/libjimage.so
7fdef06e1000-7fdef06e2000 rw-p 0000b000 08:01 1628519                    /usr/local/openjdk-11/lib/libjimage.so
7fdef06e2000-7fdef06e9000 r-xp 00000000 08:01 1628537                    /usr/local/openjdk-11/lib/libzip.so
7fdef06e9000-7fdef08e9000 ---p 00007000 08:01 1628537                    /usr/local/openjdk-11/lib/libzip.so
7fdef08e9000-7fdef08ea000 rw-p 00007000 08:01 1628537                    /usr/local/openjdk-11/lib/libzip.so
7fdef08ea000-7fdef08f2000 rw-s 00000000 08:01 1470869                    /tmp/hsperfdata_root/13
7fdef08f2000-7fdef08f5000 r--p 00000000 08:01 1615919                    /lib/x86_64-linux-gnu/libnss_files-2.28.so
7fdef08f5000-7fdef08fc000 r-xp 00003000 08:01 1615919                    /lib/x86_64-linux-gnu/libnss_files-2.28.so
7fdef08fc000-7fdef08fe000 r--p 0000a000 08:01 1615919                    /lib/x86_64-linux-gnu/libnss_files-2.28.so
7fdef08fe000-7fdef08ff000 ---p 0000c000 08:01 1615919                    /lib/x86_64-linux-gnu/libnss_files-2.28.so
7fdef08ff000-7fdef0900000 r--p 0000c000 08:01 1615919                    /lib/x86_64-linux-gnu/libnss_files-2.28.so
7fdef0900000-7fdef0901000 rw-p 0000d000 08:01 1615919                    /lib/x86_64-linux-gnu/libnss_files-2.28.so
7fdef0901000-7fdef0907000 rw-p 00000000 00:00 0 
7fdef090b000-7fdef0934000 r-xp 00000000 08:01 1628515                    /usr/local/openjdk-11/lib/libjava.so
7fdef0934000-7fdef0b34000 ---p 00029000 08:01 1628515                    /usr/local/openjdk-11/lib/libjava.so
7fdef0b34000-7fdef0b36000 rw-p 00029000 08:01 1628515                    /usr/local/openjdk-11/lib/libjava.so
7fdef0b36000-7fdef0b44000 r-xp 00000000 08:01 1628536                    /usr/local/openjdk-11/lib/libverify.so
7fdef0b44000-7fdef0d43000 ---p 0000e000 08:01 1628536                    /usr/local/openjdk-11/lib/libverify.so
7fdef0d43000-7fdef0d45000 rw-p 0000d000 08:01 1628536                    /usr/local/openjdk-11/lib/libverify.so
7fdef0d45000-7fdef0d47000 r--p 00000000 08:01 1615940                    /lib/x86_64-linux-gnu/librt-2.28.so
7fdef0d47000-7fdef0d4b000 r-xp 00002000 08:01 1615940                    /lib/x86_64-linux-gnu/librt-2.28.so
7fdef0d4b000-7fdef0d4d000 r--p 00006000 08:01 1615940                    /lib/x86_64-linux-gnu/librt-2.28.so
7fdef0d4d000-7fdef0d4e000 r--p 00007000 08:01 1615940                    /lib/x86_64-linux-gnu/librt-2.28.so
7fdef0d4e000-7fdef0d4f000 rw-p 00008000 08:01 1615940                    /lib/x86_64-linux-gnu/librt-2.28.so
7fdef0d4f000-7fdef0d53000 ---p 00000000 00:00 0 
7fdef0d53000-7fdef1150000 rw-p 00000000 00:00 0 
7fdef1150000-7fdef1153000 r--p 00000000 08:01 1615895                    /lib/x86_64-linux-gnu/libgcc_s.so.1
7fdef1153000-7fdef1164000 r-xp 00003000 08:01 1615895                    /lib/x86_64-linux-gnu/libgcc_s.so.1
7fdef1164000-7fdef1167000 r--p 00014000 08:01 1615895                    /lib/x86_64-linux-gnu/libgcc_s.so.1
7fdef1167000-7fdef1168000 ---p 00017000 08:01 1615895                    /lib/x86_64-linux-gnu/libgcc_s.so.1
7fdef1168000-7fdef1169000 r--p 00017000 08:01 1615895                    /lib/x86_64-linux-gnu/libgcc_s.so.1
7fdef1169000-7fdef116a000 rw-p 00018000 08:01 1615895                    /lib/x86_64-linux-gnu/libgcc_s.so.1
7fdef116a000-7fdef1177000 r--p 00000000 08:01 1615902                    /lib/x86_64-linux-gnu/libm-2.28.so
7fdef1177000-7fdef1216000 r-xp 0000d000 08:01 1615902                    /lib/x86_64-linux-gnu/libm-2.28.so
7fdef1216000-7fdef12eb000 r--p 000ac000 08:01 1615902                    /lib/x86_64-linux-gnu/libm-2.28.so
7fdef12eb000-7fdef12ec000 r--p 00180000 08:01 1615902                    /lib/x86_64-linux-gnu/libm-2.28.so
7fdef12ec000-7fdef12ed000 rw-p 00181000 08:01 1615902                    /lib/x86_64-linux-gnu/libm-2.28.so
7fdef12ed000-7fdef1376000 r--p 00000000 08:01 1616639                    /usr/lib/x86_64-linux-gnu/libstdc++.so.6.0.25
7fdef1376000-7fdef1422000 r-xp 00089000 08:01 1616639                    /usr/lib/x86_64-linux-gnu/libstdc++.so.6.0.25
7fdef1422000-7fdef1460000 r--p 00135000 08:01 1616639                    /usr/lib/x86_64-linux-gnu/libstdc++.so.6.0.25
7fdef1460000-7fdef1461000 ---p 00173000 08:01 1616639                    /usr/lib/x86_64-linux-gnu/libstdc++.so.6.0.25
7fdef1461000-7fdef146b000 r--p 00173000 08:01 1616639                    /usr/lib/x86_64-linux-gnu/libstdc++.so.6.0.25
7fdef146b000-7fdef146d000 rw-p 0017d000 08:01 1616639                    /usr/lib/x86_64-linux-gnu/libstdc++.so.6.0.25
7fdef146d000-7fdef1471000 rw-p 00000000 00:00 0 
7fdef1471000-7fdef254b000 r-xp 00000000 08:01 577529                     /usr/local/openjdk-11/lib/server/libjvm.so
7fdef254b000-7fdef274a000 ---p 010da000 08:01 577529                     /usr/local/openjdk-11/lib/server/libjvm.so
7fdef274a000-7fdef2822000 r--p 010d9000 08:01 577529                     /usr/local/openjdk-11/lib/server/libjvm.so
7fdef2822000-7fdef285b000 rw-p 011b1000 08:01 577529                     /usr/local/openjdk-11/lib/server/libjvm.so
7fdef285b000-7fdef28b4000 rw-p 00000000 00:00 0 
7fdef28b4000-7fdef28d6000 r--p 00000000 08:01 1615877                    /lib/x86_64-linux-gnu/libc-2.28.so
7fdef28d6000-7fdef2a1e000 r-xp 00022000 08:01 1615877                    /lib/x86_64-linux-gnu/libc-2.28.so
7fdef2a1e000-7fdef2a6a000 r--p 0016a000 08:01 1615877                    /lib/x86_64-linux-gnu/libc-2.28.so
7fdef2a6a000-7fdef2a6b000 ---p 001b6000 08:01 1615877                    /lib/x86_64-linux-gnu/libc-2.28.so
7fdef2a6b000-7fdef2a6f000 r--p 001b6000 08:01 1615877                    /lib/x86_64-linux-gnu/libc-2.28.so
7fdef2a6f000-7fdef2a71000 rw-p 001ba000 08:01 1615877                    /lib/x86_64-linux-gnu/libc-2.28.so
7fdef2a71000-7fdef2a75000 rw-p 00000000 00:00 0 
7fdef2a75000-7fdef2a76000 r--p 00000000 08:01 1615887                    /lib/x86_64-linux-gnu/libdl-2.28.so
7fdef2a76000-7fdef2a77000 r-xp 00001000 08:01 1615887                    /lib/x86_64-linux-gnu/libdl-2.28.so
7fdef2a77000-7fdef2a78000 r--p 00002000 08:01 1615887                    /lib/x86_64-linux-gnu/libdl-2.28.so
7fdef2a78000-7fdef2a79000 r--p 00002000 08:01 1615887                    /lib/x86_64-linux-gnu/libdl-2.28.so
7fdef2a79000-7fdef2a7a000 rw-p 00003000 08:01 1615887                    /lib/x86_64-linux-gnu/libdl-2.28.so
7fdef2a7a000-7fdef2a89000 r-xp 00000000 08:01 1628499                    /usr/local/openjdk-11/lib/jli/libjli.so
7fdef2a89000-7fdef2c88000 ---p 0000f000 08:01 1628499                    /usr/local/openjdk-11/lib/jli/libjli.so
7fdef2c88000-7fdef2c89000 rw-p 0000e000 08:01 1628499                    /usr/local/openjdk-11/lib/jli/libjli.so
7fdef2c89000-7fdef2c8f000 r--p 00000000 08:01 1615936                    /lib/x86_64-linux-gnu/libpthread-2.28.so
7fdef2c8f000-7fdef2c9e000 r-xp 00006000 08:01 1615936                    /lib/x86_64-linux-gnu/libpthread-2.28.so
7fdef2c9e000-7fdef2ca4000 r--p 00015000 08:01 1615936                    /lib/x86_64-linux-gnu/libpthread-2.28.so
7fdef2ca4000-7fdef2ca5000 r--p 0001a000 08:01 1615936                    /lib/x86_64-linux-gnu/libpthread-2.28.so
7fdef2ca5000-7fdef2ca6000 rw-p 0001b000 08:01 1615936                    /lib/x86_64-linux-gnu/libpthread-2.28.so
7fdef2ca6000-7fdef2caa000 rw-p 00000000 00:00 0 
7fdef2caa000-7fdef2cc6000 r-xp 00000000 08:01 1615961                    /lib/x86_64-linux-gnu/libz.so.1.2.11
7fdef2cc6000-7fdef2ec6000 ---p 0001c000 08:01 1615961                    /lib/x86_64-linux-gnu/libz.so.1.2.11
7fdef2ec6000-7fdef2ec7000 r--p 0001c000 08:01 1615961                    /lib/x86_64-linux-gnu/libz.so.1.2.11
7fdef2ec7000-7fdef2ec8000 rw-p 0001d000 08:01 1615961                    /lib/x86_64-linux-gnu/libz.so.1.2.11
7fdef2ec8000-7fdef2eca000 rw-p 00000000 00:00 0 
7fdef2ecc000-7fdef2ecd000 ---p 00000000 00:00 0 
7fdef2ecd000-7fdef2ece000 r--p 00000000 00:00 0 
7fdef2ece000-7fdef2ecf000 r--p 00000000 08:01 1615863                    /lib/x86_64-linux-gnu/ld-2.28.so
7fdef2ecf000-7fdef2eed000 r-xp 00001000 08:01 1615863                    /lib/x86_64-linux-gnu/ld-2.28.so
7fdef2eed000-7fdef2ef5000 r--p 0001f000 08:01 1615863                    /lib/x86_64-linux-gnu/ld-2.28.so
7fdef2ef5000-7fdef2ef6000 r--p 00026000 08:01 1615863                    /lib/x86_64-linux-gnu/ld-2.28.so
7fdef2ef6000-7fdef2ef7000 rw-p 00027000 08:01 1615863                    /lib/x86_64-linux-gnu/ld-2.28.so
7fdef2ef7000-7fdef2ef8000 rw-p 00000000 00:00 0 
7ffc5c597000-7ffc5c5b8000 rw-p 00000000 00:00 0                          [stack]
7ffc5c5ee000-7ffc5c5f1000 r--p 00000000 00:00 0                          [vvar]
7ffc5c5f1000-7ffc5c5f3000 r-xp 00000000 00:00 0                          [vdso]
ffffffffff600000-ffffffffff601000 r-xp 00000000 00:00 0                  [vsyscall]


VM Arguments:
jvm_args: -Dfile.encoding=UTF-8 -Xms1024m -Xmx1024m -Xss4M -XX:ReservedCodeCacheSize=128m -Dscala.ext.dirs= 
java_command: /usr/share/sbt/bin/sbt-launch.jar run
java_class_path (initial): /usr/share/sbt/bin/sbt-launch.jar
Launcher Type: SUN_STANDARD

[Global flags]
     intx CICompilerCount                          = 2                                         {product} {ergonomic}
     uint ConcGCThreads                            = 1                                         {product} {ergonomic}
     uint G1ConcRefinementThreads                  = 2                                         {product} {ergonomic}
   size_t G1HeapRegionSize                         = 1048576                                   {product} {ergonomic}
    uintx GCDrainStackTargetSize                   = 64                                        {product} {ergonomic}
   size_t InitialHeapSize                          = 1073741824                                {product} {command line}
   size_t MarkStackSize                            = 4194304                                   {product} {ergonomic}
   size_t MaxHeapSize                              = 1073741824                                {product} {command line}
   size_t MinHeapDeltaBytes                        = 1048576                                   {product} {ergonomic}
    uintx NonProfiledCodeHeapSize                  = 0                                      {pd product} {ergonomic}
    uintx ProfiledCodeHeapSize                     = 0                                      {pd product} {ergonomic}
    uintx ReservedCodeCacheSize                    = 134217728                              {pd product} {command line}
     intx ThreadStackSize                          = 4096                                   {pd product} {command line}
     bool UseCompressedClassPointers               = true                                 {lp64_product} {ergonomic}
     bool UseCompressedOops                        = true                                 {lp64_product} {ergonomic}
     bool UseG1GC                                  = true                                      {product} {ergonomic}

Logging:
Log output configuration:
 #0: stdout all=warning uptime,level,tags
 #1: stderr all=off uptime,level,tags

Environment Variables:
JAVA_HOME=/usr/local/openjdk-11
PATH=/usr/local/openjdk-11/bin:/usr/local/sbin:/usr/local/bin:/usr/sbin:/usr/bin:/sbin:/bin

Signal Handlers:
SIGSEGV: [libjvm.so+0xdc3bb0], sa_mask[0]=11111111011111111101111111111110, sa_flags=SA_RESTART|SA_SIGINFO
SIGBUS: [libjvm.so+0xdc3bb0], sa_mask[0]=11111111011111111101111111111110, sa_flags=SA_RESTART|SA_SIGINFO
SIGFPE: [libjvm.so+0xdc3bb0], sa_mask[0]=11111111011111111101111111111110, sa_flags=SA_RESTART|SA_SIGINFO
SIGPIPE: [libjvm.so+0xbb9260], sa_mask[0]=11111111011111111101111111111110, sa_flags=SA_RESTART|SA_SIGINFO
SIGXFSZ: [libjvm.so+0xbb9260], sa_mask[0]=11111111011111111101111111111110, sa_flags=SA_RESTART|SA_SIGINFO
SIGILL: [libjvm.so+0xdc3bb0], sa_mask[0]=11111111011111111101111111111110, sa_flags=SA_RESTART|SA_SIGINFO
SIGUSR2: [libjvm.so+0xbb9010], sa_mask[0]=00000000000000000000000000000000, sa_flags=SA_RESTART|SA_SIGINFO
SIGHUP: SIG_DFL, sa_mask[0]=00000000000000000000000000000000, sa_flags=none
SIGINT: SIG_DFL, sa_mask[0]=00000000000000000000000000000000, sa_flags=none
SIGTERM: SIG_DFL, sa_mask[0]=00000000000000000000000000000000, sa_flags=none
SIGQUIT: SIG_DFL, sa_mask[0]=00000000000000000000000000000000, sa_flags=none


---------------  S Y S T E M  ---------------

OS:PRETTY_NAME="Debian GNU/Linux 10 (buster)"
NAME="Debian GNU/Linux"
VERSION_ID="10"
VERSION="10 (buster)"
VERSION_CODENAME=buster
ID=debian
HOME_URL="https://www.debian.org/"
SUPPORT_URL="https://www.debian.org/support"
BUG_REPORT_URL="https://bugs.debian.org/"
uname:Linux 4.15.0-20-generic #21-Ubuntu SMP Tue Apr 24 06:16:15 UTC 2018 x86_64
libc:glibc 2.28 NPTL 2.28 
rlimit: STACK 8192k, CORE infinity, NPROC infinity, NOFILE 1048576, AS infinity, DATA infinity, FSIZE infinity
load average:2.17 2.01 2.52

/proc/meminfo:
MemTotal:        4039548 kB
MemFree:          116592 kB
MemAvailable:     430924 kB
Buffers:           28776 kB
Cached:          1295544 kB
SwapCached:        22904 kB
Active:          2790468 kB
Inactive:         911700 kB
Active(anon):    2513388 kB
Inactive(anon):   694880 kB
Active(file):     277080 kB
Inactive(file):   216820 kB
Unevictable:       13612 kB
Mlocked:           13612 kB
SwapTotal:       1942896 kB
SwapFree:          35696 kB
Dirty:               192 kB
Writeback:             0 kB
AnonPages:       2371856 kB
Mapped:           568160 kB
Shmem:            816596 kB
Slab:             104536 kB
SReclaimable:      46996 kB
SUnreclaim:        57540 kB
KernelStack:       11304 kB
PageTables:        54188 kB
NFS_Unstable:          0 kB
Bounce:                0 kB
WritebackTmp:          0 kB
CommitLimit:     3962668 kB
Committed_AS:    9806200 kB
VmallocTotal:   34359738367 kB
VmallocUsed:           0 kB
VmallocChunk:          0 kB
HardwareCorrupted:     0 kB
AnonHugePages:      2048 kB
ShmemHugePages:        0 kB
ShmemPmdMapped:        0 kB
CmaTotal:              0 kB
CmaFree:               0 kB
HugePages_Total:       0
HugePages_Free:        0
HugePages_Rsvd:        0
HugePages_Surp:        0
Hugepagesize:       2048 kB
DirectMap4k:      200640 kB
DirectMap2M:     3993600 kB


/proc/sys/kernel/threads-max (system-wide limit on the number of threads):
31067


/proc/sys/vm/max_map_count (maximum number of memory map areas a process may have):
65530


/proc/sys/kernel/pid_max (system-wide limit on number of process identifiers):
32768



container (cgroup) information:
container_type: cgroupv1
cpu_cpuset_cpus: 0-1
cpu_memory_nodes: 0
active_processor_count: 2
cpu_quota: -1
cpu_period: 100000
cpu_shares: -1
memory_limit_in_bytes: -1
memory_and_swap_limit_in_bytes: -2
memory_soft_limit_in_bytes: -1
memory_usage_in_bytes: 43098112
memory_max_usage_in_bytes: 43958272

KVM virtualization detected
Steal ticks since vm start: 0
Steal ticks percentage since vm start:  0.000

CPU:total 2 (initial active 2) (2 cores per cpu, 1 threads per core) family 6 model 78 stepping 3, cmov, cx8, fxsr, mmx, sse, sse2, sse3, ssse3, sse4.1, sse4.2, popcnt, avx, avx2, aes, clmul, 3dnowpref, lzcnt, tsc, tscinvbit
CPU Model and flags from /proc/cpuinfo:
model name	: Intel(R) Core(TM) i5-6200U CPU @ 2.30GHz
flags		: fpu vme de pse tsc msr pae mce cx8 apic sep mtrr pge mca cmov pat pse36 clflush mmx fxsr sse sse2 ht syscall nx rdtscp lm constant_tsc rep_good nopl xtopology nonstop_tsc cpuid pni pclmulqdq ssse3 cx16 pcid sse4_1 sse4_2 x2apic movbe popcnt aes xsave avx rdrand hypervisor lahf_lm abm 3dnowprefetch invpcid_single pti fsgsbase avx2 invpcid rdseed clflushopt

Memory: 4k page, physical 4039548k(116592k free), swap 1942896k(35696k free)

vm_info: OpenJDK 64-Bit Server VM (11.0.6+10) for linux-amd64 JRE (11.0.6+10), built on Jan  8 2020 04:40:06 by "openjdk" with gcc 4.4.7 20120313 (Red Hat 4.4.7-23)

END.
